2025-11-17 16:12:48,457 - mining - INFO - Creating chunks from list of size 5 with chunk size 2
2025-11-17 16:12:48,457 - mining - INFO - Creating chunks from list of size 0 with chunk size 5
2025-11-17 16:12:48,457 - mining - INFO - Creating chunks from list of size 3 with chunk size 10
2025-11-17 16:12:48,457 - mining - INFO - Creating chunks from list of size 3 with chunk size 1
2025-11-17 16:12:48,457 - mining - INFO - Creating chunks from list of size 3 with chunk size 0
2025-11-17 16:12:48,457 - mining - INFO - Dumping content into file: test_output_normal.txt
2025-11-17 16:12:48,457 - mining - INFO - Successfully wrote 22 bytes to test_output_normal.txt
2025-11-17 16:12:48,473 - mining - INFO - Dumping content into file: test_output_empty.txt
2025-11-17 16:12:48,476 - mining - INFO - Successfully wrote 0 bytes to test_output_empty.txt
2025-11-17 16:12:48,476 - mining - INFO - Dumping content into file: test_output_large.txt
2025-11-17 16:12:48,476 - mining - INFO - Successfully wrote 100000 bytes to test_output_large.txt
2025-11-17 16:12:48,476 - mining - INFO - Dumping content into file: test_output_special.txt
2025-11-17 16:12:48,480 - mining - INFO - Successfully wrote 33 bytes to test_output_special.txt
2025-11-17 16:12:48,484 - mining - INFO - Attempting to delete repository: test_repo_to_delete (type: test)
2025-11-17 16:12:48,487 - mining - INFO - Successfully deleted repository: test_repo_to_delete
2025-11-17 16:12:48,487 - mining - INFO - Attempting to delete repository: non_existent_dir_12345 (type: test)
2025-11-17 16:12:48,488 - mining - WARNING - Repository does not exist: non_existent_dir_12345
2025-11-17 16:12:48,488 - mining - INFO - Attempting to delete repository: test_repo_with_files (type: test)
2025-11-17 16:12:48,491 - mining - INFO - Successfully deleted repository: test_repo_with_files
2025-11-17 16:12:48,493 - mining - INFO - Generating timestamp
2025-11-17 16:12:48,493 - mining - INFO - Generating timestamp
2025-11-17 16:12:48,493 - mining - INFO - Generating timestamp
2025-11-17 16:12:48,494 - mining - INFO - Generating timestamp
2025-11-17 16:12:48,494 - mining - INFO - Generating timestamp
2025-11-17 16:12:48,494 - mining - INFO - Generating timestamp
2025-11-17 16:12:48,494 - mining - INFO - Generating timestamp
2025-11-17 16:12:48,494 - mining - INFO - Generating timestamp
2025-11-17 16:12:48,494 - mining - INFO - Generating timestamp
2025-11-17 16:12:48,494 - mining - INFO - Generating timestamp
2025-11-17 16:12:48,494 - mining - INFO - Generating timestamp
2025-11-17 16:12:48,494 - mining - INFO - Generating timestamp
